[2022-09-08 19:55:23.417 +03:00  INF]  Now listening on: https://localhost:7168
[2022-09-08 19:55:23.454 +03:00  INF]  Now listening on: http://localhost:5168
[2022-09-08 19:55:23.458 +03:00  INF]  Application started. Press Ctrl+C to shut down.
[2022-09-08 19:55:23.458 +03:00  INF]  Hosting environment: Development
[2022-09-08 19:55:23.459 +03:00  INF]  Content root path: E:\Nix\Learn\SerilogSample\SerilogSample\SerilogSample\
[2022-09-08 19:55:24.404 +03:00  INF]  Request starting HTTP/2 GET https://localhost:7168/swagger/index.html - -
[2022-09-08 19:55:24.906 +03:00  INF]  Request starting HTTP/2 GET https://localhost:7168/_framework/aspnetcore-browser-refresh.js - -
[2022-09-08 19:55:24.910 +03:00  INF]  Request finished HTTP/2 GET https://localhost:7168/swagger/index.html - - - 200 - text/html;charset=utf-8 516.8390ms
[2022-09-08 19:55:24.915 +03:00  INF]  Request finished HTTP/2 GET https://localhost:7168/_framework/aspnetcore-browser-refresh.js - - - 200 11996 application/javascript;+charset=utf-8 9.3389ms
[2022-09-08 19:55:24.971 +03:00  INF]  Request starting HTTP/2 GET https://localhost:7168/_vs/browserLink - -
[2022-09-08 19:55:25.018 +03:00  INF]  Request finished HTTP/2 GET https://localhost:7168/_vs/browserLink - - - 200 - text/javascript;+charset=UTF-8 47.0798ms
[2022-09-08 19:55:25.239 +03:00  INF]  Request starting HTTP/2 GET https://localhost:7168/swagger/v1/swagger.json - -
[2022-09-08 19:55:25.460 +03:00  INF]  Request finished HTTP/2 GET https://localhost:7168/swagger/v1/swagger.json - - - 200 - application/json;charset=utf-8 221.1509ms
[2022-09-08 20:17:34.362 +03:00  INF]  Now listening on: https://localhost:7168
[2022-09-08 20:17:34.400 +03:00  INF]  Now listening on: http://localhost:5168
[2022-09-08 20:17:34.407 +03:00  INF]  Application started. Press Ctrl+C to shut down.
[2022-09-08 20:17:34.407 +03:00  INF]  Hosting environment: Development
[2022-09-08 20:17:34.408 +03:00  INF]  Content root path: E:\Nix\Learn\SerilogSample\SerilogSample\SerilogSample\
[2022-09-08 20:17:35.207 +03:00  INF]  Request starting HTTP/2 GET https://localhost:7168/swagger/index.html - -
[2022-09-08 20:17:35.662 +03:00  INF]  Request starting HTTP/2 GET https://localhost:7168/_framework/aspnetcore-browser-refresh.js - -
[2022-09-08 20:17:35.669 +03:00  INF]  Request finished HTTP/2 GET https://localhost:7168/swagger/index.html - - - 200 - text/html;charset=utf-8 470.8906ms
[2022-09-08 20:17:35.670 +03:00  INF]  Request finished HTTP/2 GET https://localhost:7168/_framework/aspnetcore-browser-refresh.js - - - 200 11996 application/javascript;+charset=utf-8 8.0548ms
[2022-09-08 20:17:35.718 +03:00  INF]  Request starting HTTP/2 GET https://localhost:7168/_vs/browserLink - -
[2022-09-08 20:17:35.758 +03:00  INF]  Request finished HTTP/2 GET https://localhost:7168/_vs/browserLink - - - 200 - text/javascript;+charset=UTF-8 39.9774ms
[2022-09-08 20:17:35.905 +03:00  INF]  Request starting HTTP/2 GET https://localhost:7168/swagger/v1/swagger.json - -
[2022-09-08 20:17:36.080 +03:00  INF]  Request finished HTTP/2 GET https://localhost:7168/swagger/v1/swagger.json - - - 200 - application/json;charset=utf-8 174.9087ms
[2022-09-08 20:17:55.047 +03:00  INF]  Request starting HTTP/2 GET https://localhost:7168/WeatherForecast - -
[2022-09-08 20:17:55.059 +03:00  INF]  Executing endpoint 'SerilogSample.Controllers.WeatherForecastController.Get (SerilogSample)'
[2022-09-08 20:17:55.073 +03:00  INF]  Route matched with {action = "Get", controller = "WeatherForecast"}. Executing controller action with signature System.Collections.Generic.IEnumerable`1[SerilogSample.WeatherForecast] Get() on controller SerilogSample.Controllers.WeatherForecastController (SerilogSample).
[2022-09-08 20:17:55.075 +03:00  INF]  Weather Forecast executing...
[2022-09-08 20:17:55.085 +03:00  INF]  Executing ObjectResult, writing value of type 'SerilogSample.WeatherForecast[]'.
[2022-09-08 20:17:55.105 +03:00  INF]  Executed action SerilogSample.Controllers.WeatherForecastController.Get (SerilogSample) in 19.6597ms
[2022-09-08 20:17:55.107 +03:00  INF]  Executed endpoint 'SerilogSample.Controllers.WeatherForecastController.Get (SerilogSample)'
[2022-09-08 20:17:55.107 +03:00  INF]  Request finished HTTP/2 GET https://localhost:7168/WeatherForecast - - - 200 - application/json;+charset=utf-8 59.4958ms
[2022-09-08 20:17:57.254 +03:00  INF]  Request starting HTTP/2 GET https://localhost:7168/WeatherForecast - -
[2022-09-08 20:17:57.254 +03:00  INF]  Executing endpoint 'SerilogSample.Controllers.WeatherForecastController.Get (SerilogSample)'
[2022-09-08 20:17:57.254 +03:00  INF]  Route matched with {action = "Get", controller = "WeatherForecast"}. Executing controller action with signature System.Collections.Generic.IEnumerable`1[SerilogSample.WeatherForecast] Get() on controller SerilogSample.Controllers.WeatherForecastController (SerilogSample).
[2022-09-08 20:17:57.255 +03:00  INF]  Weather Forecast executing...
[2022-09-08 20:17:57.255 +03:00  INF]  Executing ObjectResult, writing value of type 'SerilogSample.WeatherForecast[]'.
[2022-09-08 20:17:57.256 +03:00  INF]  Executed action SerilogSample.Controllers.WeatherForecastController.Get (SerilogSample) in 1.0428ms
[2022-09-08 20:17:57.257 +03:00  INF]  Executed endpoint 'SerilogSample.Controllers.WeatherForecastController.Get (SerilogSample)'
[2022-09-08 20:17:57.257 +03:00  INF]  Request finished HTTP/2 GET https://localhost:7168/WeatherForecast - - - 200 - application/json;+charset=utf-8 3.2352ms
[2022-09-08 20:24:46.186 +03:00  INF]  Now listening on: https://localhost:7168
[2022-09-08 20:24:46.225 +03:00  INF]  Now listening on: http://localhost:5168
[2022-09-08 20:24:46.230 +03:00  INF]  Application started. Press Ctrl+C to shut down.
[2022-09-08 20:24:46.230 +03:00  INF]  Hosting environment: Development
[2022-09-08 20:24:46.230 +03:00  INF]  Content root path: E:\Nix\Learn\SerilogSample\SerilogSample\SerilogSample\
[2022-09-08 20:24:47.108 +03:00  INF]  Request starting HTTP/2 GET https://localhost:7168/swagger/index.html - -
[2022-09-08 20:24:47.593 +03:00  INF]  Request starting HTTP/2 GET https://localhost:7168/_framework/aspnetcore-browser-refresh.js - -
[2022-09-08 20:24:47.598 +03:00  INF]  Request finished HTTP/2 GET https://localhost:7168/swagger/index.html - - - 200 - text/html;charset=utf-8 496.9691ms
[2022-09-08 20:24:47.598 +03:00  INF]  Request finished HTTP/2 GET https://localhost:7168/_framework/aspnetcore-browser-refresh.js - - - 200 11996 application/javascript;+charset=utf-8 5.2735ms
[2022-09-08 20:24:47.643 +03:00  INF]  Request starting HTTP/2 GET https://localhost:7168/_vs/browserLink - -
[2022-09-08 20:24:47.717 +03:00  INF]  Request finished HTTP/2 GET https://localhost:7168/_vs/browserLink - - - 200 - text/javascript;+charset=UTF-8 73.7040ms
[2022-09-08 20:24:47.844 +03:00  INF]  Request starting HTTP/2 GET https://localhost:7168/swagger/v1/swagger.json - -
[2022-09-08 20:24:48.040 +03:00  INF]  Request finished HTTP/2 GET https://localhost:7168/swagger/v1/swagger.json - - - 200 - application/json;charset=utf-8 195.7505ms
[2022-09-08 20:24:50.668 +03:00  INF]  Request starting HTTP/2 GET https://localhost:7168/WeatherForecast - -
[2022-09-08 20:24:50.681 +03:00  INF]  Executing endpoint 'SerilogSample.Controllers.WeatherForecastController.Get (SerilogSample)'
[2022-09-08 20:24:50.694 +03:00  INF]  Route matched with {action = "Get", controller = "WeatherForecast"}. Executing controller action with signature System.Collections.Generic.IEnumerable`1[SerilogSample.WeatherForecast] Get() on controller SerilogSample.Controllers.WeatherForecastController (SerilogSample).
[2022-09-08 20:24:50.696 +03:00  INF]  Weather Forecast executing...
[2022-09-08 20:24:50.707 +03:00  INF]  Executing ObjectResult, writing value of type 'SerilogSample.WeatherForecast[]'.
[2022-09-08 20:24:50.724 +03:00  INF]  Executed action SerilogSample.Controllers.WeatherForecastController.Get (SerilogSample) in 19.6512ms
[2022-09-08 20:24:50.726 +03:00  INF]  Executed endpoint 'SerilogSample.Controllers.WeatherForecastController.Get (SerilogSample)'
[2022-09-08 20:24:50.726 +03:00  INF]  Request finished HTTP/2 GET https://localhost:7168/WeatherForecast - - - 200 - application/json;+charset=utf-8 57.9738ms
[2022-09-08 20:24:51.528 +03:00  INF]  Request starting HTTP/2 GET https://localhost:7168/WeatherForecast - -
[2022-09-08 20:24:51.529 +03:00  INF]  Executing endpoint 'SerilogSample.Controllers.WeatherForecastController.Get (SerilogSample)'
[2022-09-08 20:24:51.529 +03:00  INF]  Route matched with {action = "Get", controller = "WeatherForecast"}. Executing controller action with signature System.Collections.Generic.IEnumerable`1[SerilogSample.WeatherForecast] Get() on controller SerilogSample.Controllers.WeatherForecastController (SerilogSample).
[2022-09-08 20:24:51.529 +03:00  INF]  Weather Forecast executing...
[2022-09-08 20:24:51.529 +03:00  INF]  Executing ObjectResult, writing value of type 'SerilogSample.WeatherForecast[]'.
[2022-09-08 20:24:51.530 +03:00  INF]  Executed action SerilogSample.Controllers.WeatherForecastController.Get (SerilogSample) in 0.5586ms
[2022-09-08 20:24:51.530 +03:00  INF]  Executed endpoint 'SerilogSample.Controllers.WeatherForecastController.Get (SerilogSample)'
[2022-09-08 20:24:51.530 +03:00  INF]  Request finished HTTP/2 GET https://localhost:7168/WeatherForecast - - - 200 - application/json;+charset=utf-8 1.6868ms
